<?xml version="1.0" encoding="UTF-8"?>
<testsuite name="com.example.api.testHelloWorldController" tests="2" skipped="0" failures="0" errors="0" timestamp="2024-03-09T19:20:00" hostname="DESKTOP-AD23LI5" time="0.241">
  <properties/>
  <testcase name="testFarvelWorldEndpoint()" classname="com.example.api.testHelloWorldController" time="0.233"/>
  <testcase name="testHelloWorldEndpoint()" classname="com.example.api.testHelloWorldController" time="0.007"/>
  <system-out><![CDATA[20:19:58.881 [Test worker] DEBUG org.springframework.test.context.BootstrapUtils - Instantiating CacheAwareContextLoaderDelegate from class [org.springframework.test.context.cache.DefaultCacheAwareContextLoaderDelegate]
20:19:58.889 [Test worker] DEBUG org.springframework.test.context.BootstrapUtils - Instantiating BootstrapContext using constructor [public org.springframework.test.context.support.DefaultBootstrapContext(java.lang.Class,org.springframework.test.context.CacheAwareContextLoaderDelegate)]
20:19:58.912 [Test worker] DEBUG org.springframework.test.context.BootstrapUtils - Instantiating TestContextBootstrapper for test class [com.example.api.testHelloWorldController] from class [org.springframework.boot.test.context.SpringBootTestContextBootstrapper]
20:19:58.920 [Test worker] INFO org.springframework.boot.test.context.SpringBootTestContextBootstrapper - Neither @ContextConfiguration nor @ContextHierarchy found for test class [com.example.api.testHelloWorldController], using SpringBootContextLoader
20:19:58.922 [Test worker] DEBUG org.springframework.test.context.support.AbstractContextLoader - Did not detect default resource location for test class [com.example.api.testHelloWorldController]: class path resource [com/example/api/testHelloWorldController-context.xml] does not exist
20:19:58.922 [Test worker] DEBUG org.springframework.test.context.support.AbstractContextLoader - Did not detect default resource location for test class [com.example.api.testHelloWorldController]: class path resource [com/example/api/testHelloWorldControllerContext.groovy] does not exist
20:19:58.922 [Test worker] INFO org.springframework.test.context.support.AbstractContextLoader - Could not detect default resource locations for test class [com.example.api.testHelloWorldController]: no resource found for suffixes {-context.xml, Context.groovy}.
20:19:58.950 [Test worker] DEBUG org.springframework.test.context.support.ActiveProfilesUtils - Could not find an 'annotation declaring class' for annotation type [org.springframework.test.context.ActiveProfiles] and class [com.example.api.testHelloWorldController]
20:19:59.035 [Test worker] DEBUG org.springframework.boot.test.context.SpringBootTestContextBootstrapper - @TestExecutionListeners is not present for class [com.example.api.testHelloWorldController]: using defaults.
20:19:59.035 [Test worker] INFO org.springframework.boot.test.context.SpringBootTestContextBootstrapper - Loaded default TestExecutionListener class names from location [META-INF/spring.factories]: [org.springframework.boot.test.autoconfigure.restdocs.RestDocsTestExecutionListener, org.springframework.boot.test.autoconfigure.web.client.MockRestServiceServerResetTestExecutionListener, org.springframework.boot.test.autoconfigure.web.servlet.MockMvcPrintOnlyOnFailureTestExecutionListener, org.springframework.boot.test.autoconfigure.web.servlet.WebDriverTestExecutionListener, org.springframework.boot.test.autoconfigure.webservices.client.MockWebServiceServerTestExecutionListener, org.springframework.boot.test.mock.mockito.MockitoTestExecutionListener, org.springframework.boot.test.mock.mockito.ResetMocksTestExecutionListener, org.springframework.test.context.web.ServletTestExecutionListener, org.springframework.test.context.support.DirtiesContextBeforeModesTestExecutionListener, org.springframework.test.context.event.ApplicationEventsTestExecutionListener, org.springframework.test.context.support.DependencyInjectionTestExecutionListener, org.springframework.test.context.support.DirtiesContextTestExecutionListener, org.springframework.test.context.transaction.TransactionalTestExecutionListener, org.springframework.test.context.jdbc.SqlScriptsTestExecutionListener, org.springframework.test.context.event.EventPublishingTestExecutionListener]
20:19:59.043 [Test worker] DEBUG org.springframework.boot.test.context.SpringBootTestContextBootstrapper - Skipping candidate TestExecutionListener [org.springframework.test.context.transaction.TransactionalTestExecutionListener] due to a missing dependency. Specify custom listener classes or make the default listener classes and their required dependencies available. Offending class: [org/springframework/transaction/interceptor/TransactionAttributeSource]
20:19:59.043 [Test worker] DEBUG org.springframework.boot.test.context.SpringBootTestContextBootstrapper - Skipping candidate TestExecutionListener [org.springframework.test.context.jdbc.SqlScriptsTestExecutionListener] due to a missing dependency. Specify custom listener classes or make the default listener classes and their required dependencies available. Offending class: [org/springframework/transaction/interceptor/TransactionAttribute]
20:19:59.043 [Test worker] INFO org.springframework.boot.test.context.SpringBootTestContextBootstrapper - Using TestExecutionListeners: [org.springframework.test.context.web.ServletTestExecutionListener@54eb2b70, org.springframework.test.context.support.DirtiesContextBeforeModesTestExecutionListener@45a37759, org.springframework.test.context.event.ApplicationEventsTestExecutionListener@63611043, org.springframework.boot.test.mock.mockito.MockitoTestExecutionListener@20ca951f, org.springframework.boot.test.autoconfigure.SpringBootDependencyInjectionTestExecutionListener@2d778add, org.springframework.test.context.support.DirtiesContextTestExecutionListener@73302995, org.springframework.test.context.event.EventPublishingTestExecutionListener@1838ccb8, org.springframework.boot.test.autoconfigure.restdocs.RestDocsTestExecutionListener@6c2ed0cd, org.springframework.boot.test.autoconfigure.web.client.MockRestServiceServerResetTestExecutionListener@7d9e8ef7, org.springframework.boot.test.autoconfigure.web.servlet.MockMvcPrintOnlyOnFailureTestExecutionListener@f107c50, org.springframework.boot.test.autoconfigure.web.servlet.WebDriverTestExecutionListener@51133c06, org.springframework.boot.test.autoconfigure.webservices.client.MockWebServiceServerTestExecutionListener@4b213651, org.springframework.boot.test.mock.mockito.ResetMocksTestExecutionListener@4241e0f4]
20:19:59.046 [Test worker] DEBUG org.springframework.test.context.support.AbstractDirtiesContextTestExecutionListener - Before test class: context [DefaultTestContext@1e8b7643 testClass = testHelloWorldController, testInstance = [null], testMethod = [null], testException = [null], mergedContextConfiguration = [WebMergedContextConfiguration@51549490 testClass = testHelloWorldController, locations = '{}', classes = '{class com.example.api.ApplicationConfig}', contextInitializerClasses = '[]', activeProfiles = '{}', propertySourceLocations = '{}', propertySourceProperties = '{org.springframework.boot.test.context.SpringBootTestContextBootstrapper=true, server.port=0}', contextCustomizers = set[org.springframework.boot.test.autoconfigure.actuate.metrics.MetricsExportContextCustomizerFactory$DisableMetricExportContextCustomizer@4be29ed9, org.springframework.boot.test.autoconfigure.properties.PropertyMappingContextCustomizer@0, org.springframework.boot.test.autoconfigure.web.servlet.WebDriverContextCustomizerFactory$Customizer@72035809, org.springframework.boot.test.context.filter.ExcludeFilterContextCustomizer@48075da3, org.springframework.boot.test.json.DuplicateJsonObjectContextCustomizerFactory$DuplicateJsonObjectContextCustomizer@5e2c3d18, org.springframework.boot.test.mock.mockito.MockitoContextCustomizer@0, org.springframework.boot.test.web.client.TestRestTemplateContextCustomizer@6c284af, org.springframework.boot.test.context.SpringBootTestArgs@1, org.springframework.boot.test.context.SpringBootTestWebEnvironment@43301423], resourceBasePath = 'src/main/webapp', contextLoader = 'org.springframework.boot.test.context.SpringBootContextLoader', parent = [null]], attributes = map['org.springframework.test.context.web.ServletTestExecutionListener.activateListener' -> false]], class annotated with @DirtiesContext [false] with mode [null].
20:19:59.053 [Test worker] DEBUG org.springframework.test.context.support.DependencyInjectionTestExecutionListener - Performing dependency injection for test context [[DefaultTestContext@1e8b7643 testClass = testHelloWorldController, testInstance = com.example.api.testHelloWorldController@172b013, testMethod = [null], testException = [null], mergedContextConfiguration = [WebMergedContextConfiguration@51549490 testClass = testHelloWorldController, locations = '{}', classes = '{class com.example.api.ApplicationConfig}', contextInitializerClasses = '[]', activeProfiles = '{}', propertySourceLocations = '{}', propertySourceProperties = '{org.springframework.boot.test.context.SpringBootTestContextBootstrapper=true, server.port=0}', contextCustomizers = set[org.springframework.boot.test.autoconfigure.actuate.metrics.MetricsExportContextCustomizerFactory$DisableMetricExportContextCustomizer@4be29ed9, org.springframework.boot.test.autoconfigure.properties.PropertyMappingContextCustomizer@0, org.springframework.boot.test.autoconfigure.web.servlet.WebDriverContextCustomizerFactory$Customizer@72035809, org.springframework.boot.test.context.filter.ExcludeFilterContextCustomizer@48075da3, org.springframework.boot.test.json.DuplicateJsonObjectContextCustomizerFactory$DuplicateJsonObjectContextCustomizer@5e2c3d18, org.springframework.boot.test.mock.mockito.MockitoContextCustomizer@0, org.springframework.boot.test.web.client.TestRestTemplateContextCustomizer@6c284af, org.springframework.boot.test.context.SpringBootTestArgs@1, org.springframework.boot.test.context.SpringBootTestWebEnvironment@43301423], resourceBasePath = 'src/main/webapp', contextLoader = 'org.springframework.boot.test.context.SpringBootContextLoader', parent = [null]], attributes = map['org.springframework.test.context.web.ServletTestExecutionListener.activateListener' -> false, 'org.springframework.test.context.event.ApplicationEventsTestExecutionListener.recordApplicationEvents' -> false]]].
20:19:59.070 [Test worker] DEBUG org.springframework.test.context.support.TestPropertySourceUtils - Adding inlined properties to environment: {spring.jmx.enabled=false, org.springframework.boot.test.context.SpringBootTestContextBootstrapper=true, server.port=0}

  .   ____          _            __ _ _
 /\\ / ___'_ __ _ _(_)_ __  __ _ \ \ \ \
( ( )\___ | '_ | '_| | '_ \/ _` | \ \ \ \
 \\/  ___)| |_)| | | | | || (_| |  ) ) ) )
  '  |____| .__|_| |_|_| |_\__, | / / / /
 =========|_|==============|___/=/_/_/_/
 :: Spring Boot ::                (v2.5.4)

2024-03-09 20:19:59.260  INFO 23436 --- [    Test worker] c.example.api.testHelloWorldController   : Starting testHelloWorldController using Java 1.8.0_402 on DESKTOP-AD23LI5 with PID 23436 (started by Nichl in D:\Projekter\GitHub\Cygni)
2024-03-09 20:19:59.262  INFO 23436 --- [    Test worker] c.example.api.testHelloWorldController   : No active profile set, falling back to default profiles: default
2024-03-09 20:19:59.869  INFO 23436 --- [    Test worker] o.s.b.w.embedded.tomcat.TomcatWebServer  : Tomcat initialized with port(s): 0 (http)
2024-03-09 20:19:59.877  INFO 23436 --- [    Test worker] o.apache.catalina.core.StandardService   : Starting service [Tomcat]
2024-03-09 20:19:59.877  INFO 23436 --- [    Test worker] org.apache.catalina.core.StandardEngine  : Starting Servlet engine: [Apache Tomcat/9.0.52]
2024-03-09 20:19:59.936  INFO 23436 --- [    Test worker] o.a.c.c.C.[Tomcat].[localhost].[/]       : Initializing Spring embedded WebApplicationContext
2024-03-09 20:19:59.936  INFO 23436 --- [    Test worker] w.s.c.ServletWebServerApplicationContext : Root WebApplicationContext: initialization completed in 659 ms
2024-03-09 20:20:00.329  INFO 23436 --- [    Test worker] o.s.b.w.embedded.tomcat.TomcatWebServer  : Tomcat started on port(s): 60871 (http) with context path ''
2024-03-09 20:20:00.335  INFO 23436 --- [    Test worker] c.example.api.testHelloWorldController   : Started testHelloWorldController in 1.263 seconds (JVM running for 1.988)
2024-03-09 20:20:00.505  INFO 23436 --- [o-auto-1-exec-1] o.a.c.c.C.[Tomcat].[localhost].[/]       : Initializing Spring DispatcherServlet 'dispatcherServlet'
2024-03-09 20:20:00.505  INFO 23436 --- [o-auto-1-exec-1] o.s.web.servlet.DispatcherServlet        : Initializing Servlet 'dispatcherServlet'
2024-03-09 20:20:00.506  INFO 23436 --- [o-auto-1-exec-1] o.s.web.servlet.DispatcherServlet        : Completed initialization in 1 ms
]]></system-out>
  <system-err><![CDATA[]]></system-err>
</testsuite>
