<?xml version="1.0" encoding="UTF-8"?>
<testsuite name="com.example.api.testHelloWorldController" tests="2" skipped="0" failures="0" errors="0" timestamp="2024-03-09T19:30:01" hostname="DESKTOP-AD23LI5" time="33.668">
  <properties/>
  <testcase name="testFarvelWorldEndpoint()" classname="com.example.api.testHelloWorldController" time="0.3"/>
  <testcase name="testHelloWorldEndpoint()" classname="com.example.api.testHelloWorldController" time="33.366"/>
  <system-out><![CDATA[20:29:59.247 [Test worker] DEBUG org.springframework.test.context.BootstrapUtils - Instantiating CacheAwareContextLoaderDelegate from class [org.springframework.test.context.cache.DefaultCacheAwareContextLoaderDelegate]
20:29:59.258 [Test worker] DEBUG org.springframework.test.context.BootstrapUtils - Instantiating BootstrapContext using constructor [public org.springframework.test.context.support.DefaultBootstrapContext(java.lang.Class,org.springframework.test.context.CacheAwareContextLoaderDelegate)]
20:29:59.285 [Test worker] DEBUG org.springframework.test.context.BootstrapUtils - Instantiating TestContextBootstrapper for test class [com.example.api.testHelloWorldController] from class [org.springframework.boot.test.context.SpringBootTestContextBootstrapper]
20:29:59.295 [Test worker] INFO org.springframework.boot.test.context.SpringBootTestContextBootstrapper - Neither @ContextConfiguration nor @ContextHierarchy found for test class [com.example.api.testHelloWorldController], using SpringBootContextLoader
20:29:59.297 [Test worker] DEBUG org.springframework.test.context.support.AbstractContextLoader - Did not detect default resource location for test class [com.example.api.testHelloWorldController]: class path resource [com/example/api/testHelloWorldController-context.xml] does not exist
20:29:59.298 [Test worker] DEBUG org.springframework.test.context.support.AbstractContextLoader - Did not detect default resource location for test class [com.example.api.testHelloWorldController]: class path resource [com/example/api/testHelloWorldControllerContext.groovy] does not exist
20:29:59.298 [Test worker] INFO org.springframework.test.context.support.AbstractContextLoader - Could not detect default resource locations for test class [com.example.api.testHelloWorldController]: no resource found for suffixes {-context.xml, Context.groovy}.
20:29:59.331 [Test worker] DEBUG org.springframework.test.context.support.ActiveProfilesUtils - Could not find an 'annotation declaring class' for annotation type [org.springframework.test.context.ActiveProfiles] and class [com.example.api.testHelloWorldController]
20:29:59.432 [Test worker] DEBUG org.springframework.boot.test.context.SpringBootTestContextBootstrapper - @TestExecutionListeners is not present for class [com.example.api.testHelloWorldController]: using defaults.
20:29:59.432 [Test worker] INFO org.springframework.boot.test.context.SpringBootTestContextBootstrapper - Loaded default TestExecutionListener class names from location [META-INF/spring.factories]: [org.springframework.boot.test.autoconfigure.restdocs.RestDocsTestExecutionListener, org.springframework.boot.test.autoconfigure.web.client.MockRestServiceServerResetTestExecutionListener, org.springframework.boot.test.autoconfigure.web.servlet.MockMvcPrintOnlyOnFailureTestExecutionListener, org.springframework.boot.test.autoconfigure.web.servlet.WebDriverTestExecutionListener, org.springframework.boot.test.autoconfigure.webservices.client.MockWebServiceServerTestExecutionListener, org.springframework.boot.test.mock.mockito.MockitoTestExecutionListener, org.springframework.boot.test.mock.mockito.ResetMocksTestExecutionListener, org.springframework.test.context.web.ServletTestExecutionListener, org.springframework.test.context.support.DirtiesContextBeforeModesTestExecutionListener, org.springframework.test.context.event.ApplicationEventsTestExecutionListener, org.springframework.test.context.support.DependencyInjectionTestExecutionListener, org.springframework.test.context.support.DirtiesContextTestExecutionListener, org.springframework.test.context.transaction.TransactionalTestExecutionListener, org.springframework.test.context.jdbc.SqlScriptsTestExecutionListener, org.springframework.test.context.event.EventPublishingTestExecutionListener]
20:29:59.441 [Test worker] DEBUG org.springframework.boot.test.context.SpringBootTestContextBootstrapper - Skipping candidate TestExecutionListener [org.springframework.test.context.transaction.TransactionalTestExecutionListener] due to a missing dependency. Specify custom listener classes or make the default listener classes and their required dependencies available. Offending class: [org/springframework/transaction/interceptor/TransactionAttributeSource]
20:29:59.442 [Test worker] DEBUG org.springframework.boot.test.context.SpringBootTestContextBootstrapper - Skipping candidate TestExecutionListener [org.springframework.test.context.jdbc.SqlScriptsTestExecutionListener] due to a missing dependency. Specify custom listener classes or make the default listener classes and their required dependencies available. Offending class: [org/springframework/transaction/interceptor/TransactionAttribute]
20:29:59.442 [Test worker] INFO org.springframework.boot.test.context.SpringBootTestContextBootstrapper - Using TestExecutionListeners: [org.springframework.test.context.web.ServletTestExecutionListener@69f1a286, org.springframework.test.context.support.DirtiesContextBeforeModesTestExecutionListener@7922d892, org.springframework.test.context.event.ApplicationEventsTestExecutionListener@457c9034, org.springframework.boot.test.mock.mockito.MockitoTestExecutionListener@345f69f3, org.springframework.boot.test.autoconfigure.SpringBootDependencyInjectionTestExecutionListener@50de186c, org.springframework.test.context.support.DirtiesContextTestExecutionListener@3f57bcad, org.springframework.test.context.event.EventPublishingTestExecutionListener@1e8b7643, org.springframework.boot.test.autoconfigure.restdocs.RestDocsTestExecutionListener@51549490, org.springframework.boot.test.autoconfigure.web.client.MockRestServiceServerResetTestExecutionListener@71e9ebae, org.springframework.boot.test.autoconfigure.web.servlet.MockMvcPrintOnlyOnFailureTestExecutionListener@73d983ea, org.springframework.boot.test.autoconfigure.web.servlet.WebDriverTestExecutionListener@36a5cabc, org.springframework.boot.test.autoconfigure.webservices.client.MockWebServiceServerTestExecutionListener@432038ec, org.springframework.boot.test.mock.mockito.ResetMocksTestExecutionListener@7daa0fbd]
20:29:59.445 [Test worker] DEBUG org.springframework.test.context.support.AbstractDirtiesContextTestExecutionListener - Before test class: context [DefaultTestContext@36060e testClass = testHelloWorldController, testInstance = [null], testMethod = [null], testException = [null], mergedContextConfiguration = [WebMergedContextConfiguration@481ba2cf testClass = testHelloWorldController, locations = '{}', classes = '{class com.example.api.ApplicationConfig}', contextInitializerClasses = '[]', activeProfiles = '{}', propertySourceLocations = '{}', propertySourceProperties = '{org.springframework.boot.test.context.SpringBootTestContextBootstrapper=true, server.port=0}', contextCustomizers = set[org.springframework.boot.test.autoconfigure.actuate.metrics.MetricsExportContextCustomizerFactory$DisableMetricExportContextCustomizer@2d901eb0, org.springframework.boot.test.autoconfigure.properties.PropertyMappingContextCustomizer@0, org.springframework.boot.test.autoconfigure.web.servlet.WebDriverContextCustomizerFactory$Customizer@402c4085, org.springframework.boot.test.context.filter.ExcludeFilterContextCustomizer@14028087, org.springframework.boot.test.json.DuplicateJsonObjectContextCustomizerFactory$DuplicateJsonObjectContextCustomizer@7ce026d3, org.springframework.boot.test.mock.mockito.MockitoContextCustomizer@0, org.springframework.boot.test.web.client.TestRestTemplateContextCustomizer@76494737, org.springframework.boot.test.context.SpringBootTestArgs@1, org.springframework.boot.test.context.SpringBootTestWebEnvironment@1ffe63b9], resourceBasePath = 'src/main/webapp', contextLoader = 'org.springframework.boot.test.context.SpringBootContextLoader', parent = [null]], attributes = map['org.springframework.test.context.web.ServletTestExecutionListener.activateListener' -> false]], class annotated with @DirtiesContext [false] with mode [null].
20:29:59.454 [Test worker] DEBUG org.springframework.test.context.support.DependencyInjectionTestExecutionListener - Performing dependency injection for test context [[DefaultTestContext@36060e testClass = testHelloWorldController, testInstance = com.example.api.testHelloWorldController@5c2375a9, testMethod = [null], testException = [null], mergedContextConfiguration = [WebMergedContextConfiguration@481ba2cf testClass = testHelloWorldController, locations = '{}', classes = '{class com.example.api.ApplicationConfig}', contextInitializerClasses = '[]', activeProfiles = '{}', propertySourceLocations = '{}', propertySourceProperties = '{org.springframework.boot.test.context.SpringBootTestContextBootstrapper=true, server.port=0}', contextCustomizers = set[org.springframework.boot.test.autoconfigure.actuate.metrics.MetricsExportContextCustomizerFactory$DisableMetricExportContextCustomizer@2d901eb0, org.springframework.boot.test.autoconfigure.properties.PropertyMappingContextCustomizer@0, org.springframework.boot.test.autoconfigure.web.servlet.WebDriverContextCustomizerFactory$Customizer@402c4085, org.springframework.boot.test.context.filter.ExcludeFilterContextCustomizer@14028087, org.springframework.boot.test.json.DuplicateJsonObjectContextCustomizerFactory$DuplicateJsonObjectContextCustomizer@7ce026d3, org.springframework.boot.test.mock.mockito.MockitoContextCustomizer@0, org.springframework.boot.test.web.client.TestRestTemplateContextCustomizer@76494737, org.springframework.boot.test.context.SpringBootTestArgs@1, org.springframework.boot.test.context.SpringBootTestWebEnvironment@1ffe63b9], resourceBasePath = 'src/main/webapp', contextLoader = 'org.springframework.boot.test.context.SpringBootContextLoader', parent = [null]], attributes = map['org.springframework.test.context.web.ServletTestExecutionListener.activateListener' -> false, 'org.springframework.test.context.event.ApplicationEventsTestExecutionListener.recordApplicationEvents' -> false]]].
20:29:59.475 [Test worker] DEBUG org.springframework.test.context.support.TestPropertySourceUtils - Adding inlined properties to environment: {spring.jmx.enabled=false, org.springframework.boot.test.context.SpringBootTestContextBootstrapper=true, server.port=0}

  .   ____          _            __ _ _
 /\\ / ___'_ __ _ _(_)_ __  __ _ \ \ \ \
( ( )\___ | '_ | '_| | '_ \/ _` | \ \ \ \
 \\/  ___)| |_)| | | | | || (_| |  ) ) ) )
  '  |____| .__|_| |_|_| |_\__, | / / / /
 =========|_|==============|___/=/_/_/_/
 :: Spring Boot ::                (v2.5.4)

2024-03-09 20:29:59.697  INFO 24824 --- [    Test worker] c.example.api.testHelloWorldController   : Starting testHelloWorldController using Java 1.8.0_402 on DESKTOP-AD23LI5 with PID 24824 (started by Nichl in D:\Projekter\GitHub\Cygni)
2024-03-09 20:29:59.699  INFO 24824 --- [    Test worker] c.example.api.testHelloWorldController   : No active profile set, falling back to default profiles: default
2024-03-09 20:30:00.658  INFO 24824 --- [    Test worker] o.s.b.w.embedded.tomcat.TomcatWebServer  : Tomcat initialized with port(s): 0 (http)
2024-03-09 20:30:00.671  INFO 24824 --- [    Test worker] o.apache.catalina.core.StandardService   : Starting service [Tomcat]
2024-03-09 20:30:00.672  INFO 24824 --- [    Test worker] org.apache.catalina.core.StandardEngine  : Starting Servlet engine: [Apache Tomcat/9.0.52]
2024-03-09 20:30:00.761  INFO 24824 --- [    Test worker] o.a.c.c.C.[Tomcat].[localhost].[/]       : Initializing Spring embedded WebApplicationContext
2024-03-09 20:30:00.762  INFO 24824 --- [    Test worker] w.s.c.ServletWebServerApplicationContext : Root WebApplicationContext: initialization completed in 1046 ms
2024-03-09 20:30:01.369  INFO 24824 --- [    Test worker] o.s.b.w.embedded.tomcat.TomcatWebServer  : Tomcat started on port(s): 61549 (http) with context path ''
2024-03-09 20:30:01.377  INFO 24824 --- [    Test worker] c.example.api.testHelloWorldController   : Started testHelloWorldController in 1.9 seconds (JVM running for 2.916)
2024-03-09 20:30:01.593  INFO 24824 --- [o-auto-1-exec-1] o.a.c.c.C.[Tomcat].[localhost].[/]       : Initializing Spring DispatcherServlet 'dispatcherServlet'
2024-03-09 20:30:01.594  INFO 24824 --- [o-auto-1-exec-1] o.s.web.servlet.DispatcherServlet        : Initializing Servlet 'dispatcherServlet'
2024-03-09 20:30:01.594  INFO 24824 --- [o-auto-1-exec-1] o.s.web.servlet.DispatcherServlet        : Completed initialization in 0 ms
]]></system-out>
  <system-err><![CDATA[]]></system-err>
</testsuite>
